2020-01-15 20:45:12,895  INFO [main] ExecutionEngine:70 - Property file configured
2020-01-15 20:45:12,990  INFO [main] ExecutionEngine:76 - Extent Reports initialised
2020-01-15 20:45:13,013  INFO [main] ExecutionEngine:89 - Entered in beforeMethod method
2020-01-15 20:45:25,855  INFO [main] ExecutionEngine:110 - Exiting from beforeMethod method
2020-01-15 20:45:25,867  INFO [main] ExecutionEngine:118 - Entered in AmazonTest method.
2020-01-15 20:45:27,105  INFO [main] ExecutionEngine:121 - Screenshot taken for URL navigation.
2020-01-15 20:45:27,106  INFO [main] ExecutionEngine:125 - Child node created
2020-01-15 20:45:27,106  INFO [main] ExecutionEngine:128 - Calling methods to perform actions on respective web elements
2020-01-15 20:45:36,436  INFO [main] ExecutionEngine:131 - Amazon Price is :47900
2020-01-15 20:45:36,442  INFO [main] ExecutionEngine:163 - Driver closed
2020-01-15 20:45:37,270  INFO [main] ExecutionEngine:89 - Entered in beforeMethod method
2020-01-15 20:45:49,131  INFO [main] ExecutionEngine:110 - Exiting from beforeMethod method
2020-01-15 20:45:49,136  INFO [main] ExecutionEngine:139 - Entered in FlipkartTest method.
2020-01-15 20:45:49,674  INFO [main] ExecutionEngine:142 - Screenshot taken for URL navigation.
2020-01-15 20:45:49,674  INFO [main] ExecutionEngine:146 - Child node created
2020-01-15 20:45:49,674  INFO [main] ExecutionEngine:149 - Calling methods to perform actions on respective web elements
2020-01-15 20:45:57,400  INFO [main] ExecutionEngine:153 - Flipkart Price is :53999
2020-01-15 20:45:57,402  INFO [main] ExecutionEngine:163 - Driver closed
2020-01-15 20:45:58,203  INFO [main] ExecutionEngine:174 - Entered in endResult method which is an AfterSuite
2020-01-15 20:45:58,250 DEBUG [main] cache:45 - Couldn't find template in cache for "index.ftl"("en", UTF-8, parsed); will try to load it.
2020-01-15 20:45:58,252 DEBUG [main] cache:45 - TemplateLoader.findTemplateSource("index_en.ftl"): Not found
2020-01-15 20:45:58,256 DEBUG [main] cache:45 - TemplateLoader.findTemplateSource("index.ftl"): Found
2020-01-15 20:45:58,256 DEBUG [main] cache:45 - Loading template for "index.ftl"("en", UTF-8, parsed) from "jar:file:/C:/Users/akank/.m2/repository/com/aventstack/extentreports/3.1.5/extentreports-3.1.5.jar!/com/aventstack/extentreports/view/html-report/index.ftl"
2020-01-15 20:45:58,594 DEBUG [main] cache:45 - Couldn't find template in cache for "head.ftl"("en", UTF-8, parsed); will try to load it.
2020-01-15 20:45:58,595 DEBUG [main] cache:45 - TemplateLoader.findTemplateSource("head_en.ftl"): Not found
2020-01-15 20:45:58,596 DEBUG [main] cache:45 - TemplateLoader.findTemplateSource("head.ftl"): Found
2020-01-15 20:45:58,597 DEBUG [main] cache:45 - Loading template for "head.ftl"("en", UTF-8, parsed) from "jar:file:/C:/Users/akank/.m2/repository/com/aventstack/extentreports/3.1.5/extentreports-3.1.5.jar!/com/aventstack/extentreports/view/html-report/head.ftl"
2020-01-15 20:45:58,601 DEBUG [main] cache:45 - Couldn't find template in cache for "nav.ftl"("en", UTF-8, parsed); will try to load it.
2020-01-15 20:45:58,602 DEBUG [main] cache:45 - TemplateLoader.findTemplateSource("nav_en.ftl"): Not found
2020-01-15 20:45:58,603 DEBUG [main] cache:45 - TemplateLoader.findTemplateSource("nav.ftl"): Found
2020-01-15 20:45:58,603 DEBUG [main] cache:45 - Loading template for "nav.ftl"("en", UTF-8, parsed) from "jar:file:/C:/Users/akank/.m2/repository/com/aventstack/extentreports/3.1.5/extentreports-3.1.5.jar!/com/aventstack/extentreports/view/html-report/nav.ftl"
2020-01-15 20:45:58,614 DEBUG [main] cache:45 - Couldn't find template in cache for "test-view/test-view.ftl"("en", UTF-8, parsed); will try to load it.
2020-01-15 20:45:58,615 DEBUG [main] cache:45 - TemplateLoader.findTemplateSource("test-view/test-view_en.ftl"): Not found
2020-01-15 20:45:58,615 DEBUG [main] cache:45 - TemplateLoader.findTemplateSource("test-view/test-view.ftl"): Found
2020-01-15 20:45:58,616 DEBUG [main] cache:45 - Loading template for "test-view/test-view.ftl"("en", UTF-8, parsed) from "jar:file:/C:/Users/akank/.m2/repository/com/aventstack/extentreports/3.1.5/extentreports-3.1.5.jar!/com/aventstack/extentreports/view/html-report/test-view/test-view.ftl"
2020-01-15 20:45:58,635 DEBUG [main] cache:45 - Couldn't find template in cache for "test-view/test-view-charts.ftl"("en", UTF-8, parsed); will try to load it.
2020-01-15 20:45:58,636 DEBUG [main] cache:45 - TemplateLoader.findTemplateSource("test-view/test-view-charts_en.ftl"): Not found
2020-01-15 20:45:58,637 DEBUG [main] cache:45 - TemplateLoader.findTemplateSource("test-view/test-view-charts.ftl"): Found
2020-01-15 20:45:58,638 DEBUG [main] cache:45 - Loading template for "test-view/test-view-charts.ftl"("en", UTF-8, parsed) from "jar:file:/C:/Users/akank/.m2/repository/com/aventstack/extentreports/3.1.5/extentreports-3.1.5.jar!/com/aventstack/extentreports/view/html-report/test-view/test-view-charts.ftl"
2020-01-15 20:45:58,656 DEBUG [main] cache:45 - Couldn't find template in cache for "test-view/standard.ftl"("en", UTF-8, parsed); will try to load it.
2020-01-15 20:45:58,657 DEBUG [main] cache:45 - TemplateLoader.findTemplateSource("test-view/standard_en.ftl"): Not found
2020-01-15 20:45:58,658 DEBUG [main] cache:45 - TemplateLoader.findTemplateSource("test-view/standard.ftl"): Found
2020-01-15 20:45:58,658 DEBUG [main] cache:45 - Loading template for "test-view/standard.ftl"("en", UTF-8, parsed) from "jar:file:/C:/Users/akank/.m2/repository/com/aventstack/extentreports/3.1.5/extentreports-3.1.5.jar!/com/aventstack/extentreports/view/html-report/test-view/standard.ftl"
2020-01-15 20:45:58,718 DEBUG [main] cache:45 - "test-view/standard.ftl"("en", UTF-8, parsed) cached copy not yet stale; using cached.
2020-01-15 20:45:58,725 DEBUG [main] cache:45 - Couldn't find template in cache for "category-view/category-view.ftl"("en", UTF-8, parsed); will try to load it.
2020-01-15 20:45:58,725 DEBUG [main] cache:45 - TemplateLoader.findTemplateSource("category-view/category-view_en.ftl"): Not found
2020-01-15 20:45:58,726 DEBUG [main] cache:45 - TemplateLoader.findTemplateSource("category-view/category-view.ftl"): Found
2020-01-15 20:45:58,726 DEBUG [main] cache:45 - Loading template for "category-view/category-view.ftl"("en", UTF-8, parsed) from "jar:file:/C:/Users/akank/.m2/repository/com/aventstack/extentreports/3.1.5/extentreports-3.1.5.jar!/com/aventstack/extentreports/view/html-report/category-view/category-view.ftl"
2020-01-15 20:45:58,733 DEBUG [main] cache:45 - Couldn't find template in cache for "author-view/author-view.ftl"("en", UTF-8, parsed); will try to load it.
2020-01-15 20:45:58,733 DEBUG [main] cache:45 - TemplateLoader.findTemplateSource("author-view/author-view_en.ftl"): Not found
2020-01-15 20:45:58,734 DEBUG [main] cache:45 - TemplateLoader.findTemplateSource("author-view/author-view.ftl"): Found
2020-01-15 20:45:58,735 DEBUG [main] cache:45 - Loading template for "author-view/author-view.ftl"("en", UTF-8, parsed) from "jar:file:/C:/Users/akank/.m2/repository/com/aventstack/extentreports/3.1.5/extentreports-3.1.5.jar!/com/aventstack/extentreports/view/html-report/author-view/author-view.ftl"
2020-01-15 20:45:58,744 DEBUG [main] cache:45 - Couldn't find template in cache for "exception-view/exception-view.ftl"("en", UTF-8, parsed); will try to load it.
2020-01-15 20:45:58,745 DEBUG [main] cache:45 - TemplateLoader.findTemplateSource("exception-view/exception-view_en.ftl"): Not found
2020-01-15 20:45:58,747 DEBUG [main] cache:45 - TemplateLoader.findTemplateSource("exception-view/exception-view.ftl"): Found
2020-01-15 20:45:58,747 DEBUG [main] cache:45 - Loading template for "exception-view/exception-view.ftl"("en", UTF-8, parsed) from "jar:file:/C:/Users/akank/.m2/repository/com/aventstack/extentreports/3.1.5/extentreports-3.1.5.jar!/com/aventstack/extentreports/view/html-report/exception-view/exception-view.ftl"
2020-01-15 20:45:58,752 DEBUG [main] cache:45 - Couldn't find template in cache for "dashboard-view/dashboard-view.ftl"("en", UTF-8, parsed); will try to load it.
2020-01-15 20:45:58,758 DEBUG [main] cache:45 - TemplateLoader.findTemplateSource("dashboard-view/dashboard-view_en.ftl"): Not found
2020-01-15 20:45:58,758 DEBUG [main] cache:45 - TemplateLoader.findTemplateSource("dashboard-view/dashboard-view.ftl"): Found
2020-01-15 20:45:58,758 DEBUG [main] cache:45 - Loading template for "dashboard-view/dashboard-view.ftl"("en", UTF-8, parsed) from "jar:file:/C:/Users/akank/.m2/repository/com/aventstack/extentreports/3.1.5/extentreports-3.1.5.jar!/com/aventstack/extentreports/view/html-report/dashboard-view/dashboard-view.ftl"
2020-01-15 20:45:58,766 DEBUG [main] cache:45 - Couldn't find template in cache for "logs-view/testrunner-logs-view.ftl"("en", UTF-8, parsed); will try to load it.
2020-01-15 20:45:58,768 DEBUG [main] cache:45 - TemplateLoader.findTemplateSource("logs-view/testrunner-logs-view_en.ftl"): Not found
2020-01-15 20:45:58,769 DEBUG [main] cache:45 - TemplateLoader.findTemplateSource("logs-view/testrunner-logs-view.ftl"): Found
2020-01-15 20:45:58,769 DEBUG [main] cache:45 - Loading template for "logs-view/testrunner-logs-view.ftl"("en", UTF-8, parsed) from "jar:file:/C:/Users/akank/.m2/repository/com/aventstack/extentreports/3.1.5/extentreports-3.1.5.jar!/com/aventstack/extentreports/view/html-report/logs-view/testrunner-logs-view.ftl"
2020-01-15 20:45:58,779  INFO [main] ExecutionEngine:178 - Report generated !
